<?xml version="1.0" encoding="UTF-8"?>
<!-- Generated by org.testng.reporters.JUnitReportReporter -->
<testsuite hostname="DESKTOP-H0SHG5R" failures="0" tests="3" name="com.asserts.Assertions" time="0.017" errors="0" timestamp="2022-10-13T15:33:13 IST" skipped="0">
  <testcase classname="com.asserts.Assertions" name="NumberAccuracy" time="0.014"/>
  <system-out/>
  <testcase classname="com.asserts.Assertions" name="NumberAccuracy2" time="0.002"/>
  <system-out/>
  <testcase classname="com.asserts.Assertions" name="NumberAccuracy3" time="0.001"/>
  <system-out/>
</testsuite> <!-- com.asserts.Assertions -->
